/home/ubuntu/Thesis/RosettaDesign/small_molecule_interface_design/enzdes/input_files/native_pdbs/1cex.pdb A,120 ['A'] -279.777 -281.255 1.478
/home/ubuntu/Thesis/RosettaDesign/small_molecule_interface_design/enzdes/input_files/native_pdbs/1cex.pdb A,83,A,115 ['A', 'A'] -292.999 -292.672 -0.328
/home/ubuntu/Thesis/RosettaDesign/small_molecule_interface_design/enzdes/input_files/native_pdbs/1cex.pdb C,84 ['C'] -294.064 -291.859 -2.205
/home/ubuntu/Thesis/RosettaDesign/small_molecule_interface_design/enzdes/input_files/native_pdbs/1cex.pdb D,18 ['D'] -319.626 -320.63 1.004
/home/ubuntu/Thesis/RosettaDesign/small_molecule_interface_design/enzdes/input_files/native_pdbs/1cex.pdb D,80 ['D'] -288.772 -289.614 0.842
/home/ubuntu/Thesis/RosettaDesign/small_molecule_interface_design/enzdes/input_files/native_pdbs/1cex.pdb D,80,D,18 ['D', 'D'] -288.772 -289.614 0.842
/home/ubuntu/Thesis/RosettaDesign/small_molecule_interface_design/enzdes/input_files/native_pdbs/1cex.pdb D,80,I,151 ['D', 'I'] -288.772 -289.614 0.842
/home/ubuntu/Thesis/RosettaDesign/small_molecule_interface_design/enzdes/input_files/native_pdbs/1cex.pdb D,80,I,151,D,18 ['D', 'I', 'D'] -283.223 -288.275 5.052
/home/ubuntu/Thesis/RosettaDesign/small_molecule_interface_design/enzdes/input_files/native_pdbs/1cex.pdb D,80,L,151 ['D', 'L'] -288.772 -289.614 0.842
/home/ubuntu/Thesis/RosettaDesign/small_molecule_interface_design/enzdes/input_files/native_pdbs/1cex.pdb D,80,L,151,D,18 ['D', 'L', 'D'] -287.48 -288.275 0.795
/home/ubuntu/Thesis/RosettaDesign/small_molecule_interface_design/enzdes/input_files/native_pdbs/1cex.pdb D,80,R,82 ['D', 'R'] -288.772 -289.614 0.842
/home/ubuntu/Thesis/RosettaDesign/small_molecule_interface_design/enzdes/input_files/native_pdbs/1cex.pdb D,80,R,82,D,18 ['D', 'R', 'D'] -293.411 -292.166 -1.245
/home/ubuntu/Thesis/RosettaDesign/small_molecule_interface_design/enzdes/input_files/native_pdbs/1cex.pdb D,80,R,82,I,151 ['D', 'R', 'I'] -293.411 -292.166 -1.245
/home/ubuntu/Thesis/RosettaDesign/small_molecule_interface_design/enzdes/input_files/native_pdbs/1cex.pdb D,80,R,82,I,151,D,18 ['D', 'R', 'I', 'D'] -288.156 -291.087 2.932
/home/ubuntu/Thesis/RosettaDesign/small_molecule_interface_design/enzdes/input_files/native_pdbs/1cex.pdb D,80,R,82,L,151 ['D', 'R', 'L'] -293.411 -292.166 -1.245
/home/ubuntu/Thesis/RosettaDesign/small_molecule_interface_design/enzdes/input_files/native_pdbs/1cex.pdb D,80,R,82,L,151,D,18 ['D', 'R', 'L', 'D'] -292.379 -291.087 -1.292
/home/ubuntu/Thesis/RosettaDesign/small_molecule_interface_design/enzdes/input_files/native_pdbs/1cex.pdb F,69 ['F'] -263.463 -260.792 -2.67
/home/ubuntu/Thesis/RosettaDesign/small_molecule_interface_design/enzdes/input_files/native_pdbs/1cex.pdb G,83 ['G'] -289.459 -293.488 4.029
/home/ubuntu/Thesis/RosettaDesign/small_molecule_interface_design/enzdes/input_files/native_pdbs/1cex.pdb I,151 ['I'] -272.688 -276.893 4.205
/home/ubuntu/Thesis/RosettaDesign/small_molecule_interface_design/enzdes/input_files/native_pdbs/1cex.pdb I,151,D,18 ['I', 'D'] -272.688 -276.893 4.205
/home/ubuntu/Thesis/RosettaDesign/small_molecule_interface_design/enzdes/input_files/native_pdbs/1cex.pdb L,151 ['L'] -276.967 -276.893 -0.074
/home/ubuntu/Thesis/RosettaDesign/small_molecule_interface_design/enzdes/input_files/native_pdbs/1cex.pdb L,151,D,18 ['L', 'D'] -276.967 -276.893 -0.074
/home/ubuntu/Thesis/RosettaDesign/small_molecule_interface_design/enzdes/input_files/native_pdbs/1cex.pdb N,21 ['N'] -277.85 -275.937 -1.913
/home/ubuntu/Thesis/RosettaDesign/small_molecule_interface_design/enzdes/input_files/native_pdbs/1cex.pdb N,83 ['N'] -292.08 -293.488 1.409
/home/ubuntu/Thesis/RosettaDesign/small_molecule_interface_design/enzdes/input_files/native_pdbs/1cex.pdb P,45 ['P'] -269.469 -267.914 -1.555
/home/ubuntu/Thesis/RosettaDesign/small_molecule_interface_design/enzdes/input_files/native_pdbs/1cex.pdb R,82 ['R'] -291.956 -291.294 -0.662
/home/ubuntu/Thesis/RosettaDesign/small_molecule_interface_design/enzdes/input_files/native_pdbs/1cex.pdb R,82,D,18 ['R', 'D'] -291.956 -291.294 -0.662
/home/ubuntu/Thesis/RosettaDesign/small_molecule_interface_design/enzdes/input_files/native_pdbs/1cex.pdb R,82,I,151 ['R', 'I'] -291.956 -291.294 -0.662
/home/ubuntu/Thesis/RosettaDesign/small_molecule_interface_design/enzdes/input_files/native_pdbs/1cex.pdb R,82,I,151,D,18 ['R', 'I', 'D'] -286.652 -290.215 3.563
/home/ubuntu/Thesis/RosettaDesign/small_molecule_interface_design/enzdes/input_files/native_pdbs/1cex.pdb R,82,L,151 ['R', 'L'] -291.956 -291.294 -0.662
/home/ubuntu/Thesis/RosettaDesign/small_molecule_interface_design/enzdes/input_files/native_pdbs/1cex.pdb R,82,L,151,D,18 ['R', 'L', 'D'] -290.875 -290.215 -0.66
/home/ubuntu/Thesis/RosettaDesign/small_molecule_interface_design/enzdes/input_files/native_pdbs/1cex.pdb W,85 ['W'] -282.333 -284.322 1.989
