core.init: Checking for fconfig files in pwd and ./rosetta/flags 
core.init.score_function_corrections: [ WARNING ] Flag -beta_nov16 is set but either -weights are also specified or this is being used with the genpot score function.  Not changing input weights file!
core.init: Rosetta version: rosetta.binary.linux.release-247 r247 2020.08+release.cb1caba cb1cabafd7463ab703f6abf5efa33d2707b85924 https://www.rosettacommons.org 2020-02-21T14:46:08.581859
core.init: command: enzyme_design.static.linuxgccrelease -nstruct 1 @input_files/experiments/1CEX/PET_end/PET_design_end_ref.flags -database /home/ubuntu/Downloads/rosetta_bin_linux_2020.08.61146_bundle/main/database/ -out::overwrite -out:file:o scorefile_R,82,I,151,D,18.sc -out::suffix R,82,I,151,D,18 -s input_files/experiments/1CEX/PET_end/1cex_PET_end_c.pdb -resfile /home/ubuntu/Thesis/RosettaDesign/small_molecule_interface_design/enzdes/input_files/experiments/REF/1CEX//R,82,I,151,D,18
basic.random.init_random_generator: 'RNG device' seed mode, using '/dev/urandom', seed=-445251182 seed_offset=0 real_seed=-445251182
basic.random.init_random_generator: RandomGenerator:init: Normal mode, seed=-445251182 RG_type=mt19937
core.scoring.etable: Starting energy table calculation
core.scoring.etable: smooth_etable: changing atr/rep split to bottom of energy well
core.scoring.etable: smooth_etable: spline smoothing lj etables (maxdis = 6)
core.scoring.etable: smooth_etable: spline smoothing solvation etables (max_dis = 6)
core.scoring.etable: Finished calculating energy tables.
basic.io.database: Database file opened: scoring/score_functions/PairEPotential/pdb_pair_stats_fine
basic.io.database: Database file opened: scoring/score_functions/hbonds/ref2015_params/HBPoly1D.csv
basic.io.database: Database file opened: scoring/score_functions/hbonds/ref2015_params/HBFadeIntervals.csv
basic.io.database: Database file opened: scoring/score_functions/hbonds/ref2015_params/HBEval.csv
basic.io.database: Database file opened: scoring/score_functions/hbonds/ref2015_params/DonStrength.csv
basic.io.database: Database file opened: scoring/score_functions/hbonds/ref2015_params/AccStrength.csv
basic.io.database: Database file opened: scoring/score_functions/P_AA_pp/P_AA
basic.io.database: Database file opened: scoring/score_functions/P_AA_pp/P_AA_n
core.scoring.P_AA: shapovalov_lib::shap_p_aa_pp_smooth_level of 1( aka low_smooth ) got activated.
basic.io.database: Database file opened: scoring/score_functions/P_AA_pp/shapovalov/10deg/kappa131/a20.prop
basic.io.database: Database file opened: scoring/score_functions/omega/omega_ppdep.all.txt
basic.io.database: Database file opened: scoring/score_functions/omega/omega_ppdep.gly.txt
basic.io.database: Database file opened: scoring/score_functions/omega/omega_ppdep.pro.txt
basic.io.database: Database file opened: scoring/score_functions/omega/omega_ppdep.valile.txt
core.scoring.ramachandran: shapovalov_lib::shap_rama_smooth_level of 4( aka highest_smooth ) got activated.
basic.io.database: Database file opened: scoring/score_functions/rama/shapovalov/kappa25/all.ramaProb
core.scoring.etable: Starting energy table calculation
core.scoring.etable: smooth_etable: changing atr/rep split to bottom of energy well
core.scoring.etable: smooth_etable: spline smoothing lj etables (maxdis = 6)
core.scoring.etable: smooth_etable: spline smoothing solvation etables (max_dis = 6)
core.scoring.etable: Finished calculating energy tables.
core.chemical.GlobalResidueTypeSet: Finished initializing fa_standard residue type set.  Created 981 residue types
core.chemical.GlobalResidueTypeSet: Total time to initialize 1.48 seconds.
core.scoring.ScoreFunctionFactory: SCOREFUNCTION: beta_nov16
basic.io.database: Database file opened: scoring/score_functions/rama/fd_beta_nov2016/all.ramaProb
basic.io.database: Database file opened: scoring/score_functions/rama/fd_beta_nov2016/prepro.ramaProb
basic.io.database: Database file opened: scoring/score_functions/bondlength_bondangle/hydroxyl_torsion_preference.txt
basic.io.database: Database file opened: scoring/score_functions/envsmooth/envdata.txt
basic.io.database: Database file opened: scoring/score_functions/carbon_hbond/ch_o_bond_potential.dat
basic.io.database: Database file opened: scoring/score_functions/custom_pair_distance/pos_charge_repulsion
basic.io.database: Database file opened: scoring/score_functions/custom_pair_distance/neg_charge_repulsion
core.scoring.custom_pair_distance.FullatomCustomPairDistanceEnergy: Added 8 AtomPairFuncList lists
protocols.jobdist.JobDistributors: Looking for an available job: 1 1 input_files/experiments/1CEX/PET_end/1cex_PET_end_c.pdb 1
apps.public.enzdes.enzyme_design: Starting 1cex_PET_end_cR,82,I,151,D,18_0001 ...
core.conformation.Conformation: Found disulfide between residues 15 93
core.conformation.Conformation: current variant for 15 CYS
core.conformation.Conformation: current variant for 93 CYS
core.conformation.Conformation: current variant for 15 CYD
core.conformation.Conformation: current variant for 93 CYD
core.conformation.Conformation: Found disulfide between residues 155 162
core.conformation.Conformation: current variant for 155 CYS
core.conformation.Conformation: current variant for 162 CYS
core.conformation.Conformation: current variant for 155 CYD
core.conformation.Conformation: current variant for 162 CYD
protocols.enzdes.EnzdesFixBBProtocol: starting apply function...
basic.io.database: Database file opened: scoring/score_functions/elec_cp_reps.dat
core.scoring.elec.util: Read 40 countpair representative atoms
core.pack.dunbrack.RotamerLibrary: shapovalov_lib_fixes_enable option is true.
core.pack.dunbrack.RotamerLibrary: Binary rotamer library selected: /home/ubuntu/Downloads/rosetta_bin_linux_2020.08.61146_bundle/main/database/rotamer/beta_nov2016/Dunbrack10.lib.bin
core.pack.dunbrack.RotamerLibrary: Using Dunbrack library binary file '/home/ubuntu/Downloads/rosetta_bin_linux_2020.08.61146_bundle/main/database/rotamer/beta_nov2016/Dunbrack10.lib.bin'.
core.pack.dunbrack.RotamerLibrary: Dunbrack 2010 library took 0.2 seconds to load from binary
core.pack.rotamers.SingleLigandRotamerLibrary: Read in 598 rotamers from /home/ubuntu/Thesis/RosettaDesign/small_molecule_interface_design/enzdes/input_files/experiments/1CEX/PET_end/PET_conformers.pdb !
protocols.toolbox.match_enzdes_util.MatchConstraintFileIfo: [ WARNING ] No appropriate atoms found for entry 1 in constraint 1
protocols.toolbox.match_enzdes_util.EnzConstraintIO: read enzyme constraints from /home/ubuntu/Thesis/RosettaDesign/small_molecule_interface_design/enzdes/input_files/experiments/1CEX/PET_end/PET_end.cst ... done, 3 cst blocks were read.
protocols.toolbox.match_enzdes_util.EnzConstraintIO: Generating constraints for pose... 
protocols.toolbox.match_enzdes_util.EnzConstraintParameters: for block 1, 4 newly generated constraints were added 
protocols.toolbox.match_enzdes_util.EnzConstraintIO: checking cst data consistency for block 1...  done
protocols.toolbox.match_enzdes_util.EnzConstraintIO: Cst Block 1done... 
protocols.toolbox.match_enzdes_util.EnzConstraintParameters: for block 2, 4 newly generated constraints were added 
protocols.toolbox.match_enzdes_util.EnzConstraintIO: checking cst data consistency for block 2...  done
protocols.toolbox.match_enzdes_util.EnzConstraintIO: Cst Block 2done... 
protocols.toolbox.match_enzdes_util.EnzConstraintParameters: for block 3, 3 newly generated constraints were added 
protocols.toolbox.match_enzdes_util.EnzConstraintIO: checking cst data consistency for block 3...  done
protocols.toolbox.match_enzdes_util.EnzConstraintIO: Cst Block 3done... 
protocols.enzdes.EnzdesBaseProtocol: Catalytic residues (pose numbering) are: 104 159 172 198 
protocols.enzdes.EnzdesFixBBProtocol: Done setting up the task and constraints... 
core.pack.task: Packer task: initialize from command line() 
protocols.enzdes.EnzdesTaskOperations: Reading resfile input from: /home/ubuntu/Thesis/RosettaDesign/small_molecule_interface_design/enzdes/input_files/resfile
protocols.enzdes.EnzdesTaskOperations: Final Design Shell Residues: 2, 24, 27, 28, 29, 32, 33, 34, 35, 37, 61, 62, 63, 64, 65, 66, 67, 68, 69, 70, 72, 74, 135, 136, 138, 164, 165, 166, 167, 176, 
protocols.enzdes.EnzdesTaskOperations: Final Repack Shell Residues: 2, 24, 27, 28, 29, 32, 33, 34, 35, 37, 61, 62, 63, 64, 65, 66, 67, 68, 69, 70, 72, 74, 135, 136, 138, 164, 165, 166, 167, 176, 
protocols.enzdes.EnzdesTaskOperations: Packer Energies between ligand and design residues are upweighted by factor 1.6.
protocols.enzdes.EnzdesFixBBProtocol: starting cst_opt minimization...
protocols.enzdes.EnzdesBaseProtocol: Doing a pose minimization... the backbone is allowed to move at positions: 1, 2, 3, 4, 22, 23, 24, 25, 26, 27, 28, 29, 32, 33, 34, 35, 36, 37, 61, 62, 63, 64, 65, 66, 67, 68, 69, 70, 71, 72, 73, 74, 134, 135, 136, 137, 138, 164, 165, 166, 167, 174, 175, 176, 177, 178, 
protocols.ligand_docking.LigandBaseProtocol: Moved ligand FOLD_TREE  EDGE 1 169 -1  EDGE 169 197 -1  EDGE 169 198 1 
protocols.ligand_docking.LigandBaseProtocol: Final loops foldtree FOLD_TREE  JEDGE 5 1 2 CA CA  END  EDGE 5 4 -1  EDGE 5 21 -1  EDGE 21 27 -1  JEDGE 21 30 3 CA CA  END  EDGE 30 28 -1  EDGE 30 31 -1  EDGE 31 32 -1  JEDGE 31 38 4 CA CA  END  EDGE 38 33 -1  EDGE 38 60 -1  EDGE 60 68 -1  JEDGE 60 75 5 CA CA  END  EDGE 75 69 -1  EDGE 75 133 -1  EDGE 133 135 -1  JEDGE 133 139 6 CA CA  END  EDGE 139 136 -1  EDGE 139 163 -1  EDGE 163 164 -1  JEDGE 163 168 7 CA CA  END  EDGE 168 165 -1  EDGE 168 169 -1  EDGE 169 173 -1  EDGE 173 177 -1  JEDGE 173 179 8 CA CA  END  EDGE 179 178 -1  EDGE 179 197 -1  EDGE 169 198 1  EDGE 1 3 -1 
basic.io.database: Database file opened: scoring/score_functions/disulfides/fa_SS_distance_score
protocols.enzdes.EnzdesFixBBProtocol: done cst_opt minimization.
core.pack.task: Packer task: initialize from command line() 
protocols.enzdes.EnzdesTaskOperations: Reading resfile input from: /home/ubuntu/Thesis/RosettaDesign/small_molecule_interface_design/enzdes/input_files/resfile
protocols.enzdes.EnzdesTaskOperations: Final Design Shell Residues: 2, 24, 27, 28, 29, 32, 33, 34, 35, 37, 61, 62, 63, 64, 65, 66, 67, 68, 69, 70, 72, 74, 135, 136, 138, 164, 165, 166, 167, 176, 
protocols.enzdes.EnzdesTaskOperations: Final Repack Shell Residues: 2, 24, 27, 28, 29, 32, 33, 34, 35, 37, 61, 62, 63, 64, 65, 66, 67, 68, 69, 70, 72, 74, 135, 136, 138, 164, 165, 166, 167, 176, 
protocols.enzdes.EnzdesTaskOperations: Packer Energies between ligand and design residues are upweighted by factor 1.6.
protocols.enzdes.EnzdesFixBBProtocol: starting cst_design, 3 cycles of design/minimization ... 
protocols.enzdes.EnzdesCacheableObserver: favor_native_res: adding a bonus of 0.8 for native residues to pose.
core.pack.pack_rotamers: built 12699 rotamers at 30 positions.
core.pack.interaction_graph.interaction_graph_factory: Instantiating LinearMemoryInteractionGraph
protocols.enzdes.EnzdesBaseProtocol: Doing a pose minimization... the backbone is allowed to move at positions: 1, 2, 3, 4, 22, 23, 24, 25, 26, 27, 28, 29, 32, 33, 34, 35, 36, 37, 61, 62, 63, 64, 65, 66, 67, 68, 69, 70, 71, 72, 73, 74, 134, 135, 136, 137, 138, 164, 165, 166, 167, 174, 175, 176, 177, 178, 
protocols.ligand_docking.LigandBaseProtocol: Moved ligand FOLD_TREE  EDGE 1 169 -1  EDGE 169 197 -1  EDGE 169 198 1 
protocols.ligand_docking.LigandBaseProtocol: Final loops foldtree FOLD_TREE  JEDGE 5 1 2 CA CA  END  EDGE 5 3 -1  EDGE 5 21 -1  EDGE 21 22 -1  JEDGE 21 30 3 CA CA  END  EDGE 30 23 -1  EDGE 30 31 -1  EDGE 31 33 -1  JEDGE 31 38 4 CA CA  END  EDGE 38 34 -1  EDGE 38 60 -1  EDGE 60 73 -1  JEDGE 60 75 5 CA CA  END  EDGE 75 74 -1  EDGE 75 133 -1  EDGE 133 136 -1  JEDGE 133 139 6 CA CA  END  EDGE 139 137 -1  EDGE 139 163 -1  EDGE 163 166 -1  JEDGE 163 168 7 CA CA  END  EDGE 168 167 -1  EDGE 168 169 -1  EDGE 169 173 -1  EDGE 173 176 -1  JEDGE 173 179 8 CA CA  END  EDGE 179 177 -1  EDGE 179 197 -1  EDGE 169 198 1  EDGE 1 2 -1 
core.pack.task: Packer task: initialize from command line() 
core.pack.pack_rotamers: built 12356 rotamers at 30 positions.
core.pack.interaction_graph.interaction_graph_factory: Instantiating LinearMemoryInteractionGraph
protocols.enzdes.EnzdesBaseProtocol: Doing a pose minimization... the backbone is allowed to move at positions: 1, 2, 3, 4, 22, 23, 24, 25, 26, 27, 28, 29, 32, 33, 34, 35, 36, 37, 61, 62, 63, 64, 65, 66, 67, 68, 69, 70, 71, 72, 73, 74, 134, 135, 136, 137, 138, 164, 165, 166, 167, 174, 175, 176, 177, 178, 
protocols.ligand_docking.LigandBaseProtocol: Moved ligand FOLD_TREE  EDGE 1 169 -1  EDGE 169 197 -1  EDGE 169 198 1 
protocols.ligand_docking.LigandBaseProtocol: Final loops foldtree FOLD_TREE  JEDGE 5 1 2 CA CA  END  EDGE 5 4 -1  EDGE 5 21 -1  EDGE 21 22 -1  JEDGE 21 30 3 CA CA  END  EDGE 30 23 -1  EDGE 30 31 -1  EDGE 31 34 -1  JEDGE 31 38 4 CA CA  END  EDGE 38 35 -1  EDGE 38 60 -1  EDGE 60 68 -1  JEDGE 60 75 5 CA CA  END  EDGE 75 69 -1  EDGE 75 133 -1  EDGE 133 136 -1  JEDGE 133 139 6 CA CA  END  EDGE 139 137 -1  EDGE 139 163 -1  EDGE 163 165 -1  JEDGE 163 168 7 CA CA  END  EDGE 168 166 -1  EDGE 168 169 -1  EDGE 169 173 -1  EDGE 173 176 -1  JEDGE 173 179 8 CA CA  END  EDGE 179 177 -1  EDGE 179 197 -1  EDGE 169 198 1  EDGE 1 3 -1 
core.pack.task: Packer task: initialize from command line() 
core.pack.pack_rotamers: built 12290 rotamers at 30 positions.
core.pack.interaction_graph.interaction_graph_factory: Instantiating LinearMemoryInteractionGraph
protocols.enzdes.EnzdesBaseProtocol: Doing a pose minimization... the backbone is allowed to move at positions: 1, 2, 3, 4, 22, 23, 24, 25, 26, 27, 28, 29, 32, 33, 34, 35, 36, 37, 61, 62, 63, 64, 65, 66, 67, 68, 69, 70, 71, 72, 73, 74, 134, 135, 136, 137, 138, 164, 165, 166, 167, 174, 175, 176, 177, 178, 
protocols.ligand_docking.LigandBaseProtocol: Moved ligand FOLD_TREE  EDGE 1 169 -1  EDGE 169 197 -1  EDGE 169 198 1 
protocols.ligand_docking.LigandBaseProtocol: Final loops foldtree FOLD_TREE  JEDGE 5 1 2 CA CA  END  EDGE 5 4 -1  EDGE 5 21 -1  EDGE 21 26 -1  JEDGE 21 30 3 CA CA  END  EDGE 30 27 -1  EDGE 30 31 -1  EDGE 31 36 -1  JEDGE 31 38 4 CA CA  END  EDGE 38 37 -1  EDGE 38 60 -1  EDGE 60 62 -1  JEDGE 60 75 5 CA CA  END  EDGE 75 63 -1  EDGE 75 133 -1  EDGE 133 136 -1  JEDGE 133 139 6 CA CA  END  EDGE 139 137 -1  EDGE 139 163 -1  EDGE 163 165 -1  JEDGE 163 168 7 CA CA  END  EDGE 168 166 -1  EDGE 168 169 -1  EDGE 169 173 -1  EDGE 173 175 -1  JEDGE 173 179 8 CA CA  END  EDGE 179 176 -1  EDGE 179 197 -1  EDGE 169 198 1  EDGE 1 3 -1 
core.pack.task: Packer task: initialize from command line() 
core.pack.task: Packer task: initialize from command line() 
protocols.enzdes.EnzdesTaskOperations: Reading resfile input from: /home/ubuntu/Thesis/RosettaDesign/small_molecule_interface_design/enzdes/input_files/resfile
protocols.enzdes.EnzdesTaskOperations: Final Design Shell Residues: 
protocols.enzdes.EnzdesTaskOperations: Final Repack Shell Residues: 2, 24, 27, 28, 29, 32, 33, 34, 35, 37, 61, 62, 63, 64, 65, 66, 67, 68, 69, 70, 72, 74, 135, 136, 138, 164, 165, 166, 167, 176, 
protocols.enzdes.EnzdesBaseProtocol: Doing a pose minimization... the backbone is allowed to move at positions: 1, 2, 3, 4, 22, 23, 24, 25, 26, 27, 28, 29, 32, 33, 34, 35, 36, 37, 61, 62, 63, 64, 65, 66, 67, 68, 69, 70, 71, 72, 73, 74, 134, 135, 136, 137, 138, 164, 165, 166, 167, 174, 175, 176, 177, 178, 
protocols.ligand_docking.LigandBaseProtocol: Moved ligand FOLD_TREE  EDGE 1 169 -1  EDGE 169 197 -1  EDGE 169 198 1 
protocols.ligand_docking.LigandBaseProtocol: Final loops foldtree FOLD_TREE  JEDGE 5 1 2 CA CA  END  EDGE 5 4 -1  EDGE 5 21 -1  EDGE 21 23 -1  JEDGE 21 30 3 CA CA  END  EDGE 30 24 -1  EDGE 30 31 -1  EDGE 31 32 -1  JEDGE 31 38 4 CA CA  END  EDGE 38 33 -1  EDGE 38 60 -1  EDGE 60 69 -1  JEDGE 60 75 5 CA CA  END  EDGE 75 70 -1  EDGE 75 133 -1  EDGE 133 134 -1  JEDGE 133 139 6 CA CA  END  EDGE 139 135 -1  EDGE 139 163 -1  EDGE 163 165 -1  JEDGE 163 168 7 CA CA  END  EDGE 168 166 -1  EDGE 168 169 -1  EDGE 169 173 -1  EDGE 173 177 -1  JEDGE 173 179 8 CA CA  END  EDGE 179 178 -1  EDGE 179 197 -1  EDGE 169 198 1  EDGE 1 3 -1 
core.pack.task: Packer task: initialize from command line() 
protocols.enzdes.EnzdesTaskOperations: Reading resfile input from: /home/ubuntu/Thesis/RosettaDesign/small_molecule_interface_design/enzdes/input_files/resfile
protocols.enzdes.EnzdesTaskOperations: Final Design Shell Residues: 
protocols.enzdes.EnzdesTaskOperations: Final Repack Shell Residues: 2, 24, 27, 28, 29, 32, 33, 34, 35, 37, 61, 62, 63, 64, 65, 66, 67, 68, 69, 70, 72, 74, 135, 136, 138, 164, 165, 166, 167, 176, 
protocols.enzdes.EnzdesFixBBProtocol: Starting after design unconstrained repack/minimization... 
core.pack.pack_rotamers: built 888 rotamers at 30 positions.
core.pack.interaction_graph.interaction_graph_factory: Instantiating LinearMemoryInteractionGraph
protocols.enzdes.EnzdesBaseProtocol: Doing a pose minimization... the backbone is allowed to move at positions: 1, 2, 3, 4, 22, 23, 24, 25, 26, 27, 28, 29, 32, 33, 34, 35, 36, 37, 61, 62, 63, 64, 65, 66, 67, 68, 69, 70, 71, 72, 73, 74, 134, 135, 136, 137, 138, 164, 165, 166, 167, 174, 175, 176, 177, 178, 
protocols.ligand_docking.LigandBaseProtocol: Moved ligand FOLD_TREE  EDGE 1 169 -1  EDGE 169 197 -1  EDGE 169 198 1 
protocols.ligand_docking.LigandBaseProtocol: Final loops foldtree FOLD_TREE  JEDGE 5 1 2 CA CA  END  EDGE 5 3 -1  EDGE 5 21 -1  EDGE 21 26 -1  JEDGE 21 30 3 CA CA  END  EDGE 30 27 -1  EDGE 30 31 -1  EDGE 31 35 -1  JEDGE 31 38 4 CA CA  END  EDGE 38 36 -1  EDGE 38 60 -1  EDGE 60 65 -1  JEDGE 60 75 5 CA CA  END  EDGE 75 66 -1  EDGE 75 133 -1  EDGE 133 135 -1  JEDGE 133 139 6 CA CA  END  EDGE 139 136 -1  EDGE 139 163 -1  EDGE 163 164 -1  JEDGE 163 168 7 CA CA  END  EDGE 168 165 -1  EDGE 168 169 -1  EDGE 169 173 -1  EDGE 173 174 -1  JEDGE 173 179 8 CA CA  END  EDGE 179 175 -1  EDGE 179 197 -1  EDGE 169 198 1  EDGE 1 2 -1 
protocols.enzdes.EnzdesFixBBProtocol: Finished after design unconstrained repack/minimization... 
basic.io.database: Database file opened: scoring/score_functions/hbonds/sp2_elec_params/HBPoly1D.csv
basic.io.database: Database file opened: scoring/score_functions/hbonds/sp2_elec_params/HBFadeIntervals.csv
basic.io.database: Database file opened: scoring/score_functions/hbonds/sp2_elec_params/HBEval.csv
protocols.vardist_solaccess: VarSolDistSasaCalculator::recompute
protocols.vardist_solaccess: VarSolDistSasaCalculator::lookup
protocols.vardist_solaccess: VarSolDistSasaCalculator::lookup
basic.io.database: Database file opened: scoring/score_functions/SurfacePotential/average_hASA_by_res_and_neighbor.txt
basic.io.database: Database file opened: scoring/score_functions/SurfacePotential/surface_score.txt
basic.io.database: Database file opened: scoring/score_functions/SurfacePotential/hpatch_score.txt
core.pack.task: Packer task: initialize from command line() 
protocols.enzdes.EnzdesTaskOperations: Reading resfile input from: /home/ubuntu/Thesis/RosettaDesign/small_molecule_interface_design/enzdes/input_files/resfile
protocols.enzdes.EnzdesTaskOperations: Final Design Shell Residues: 
protocols.enzdes.EnzdesTaskOperations: Final Repack Shell Residues: 2, 24, 27, 28, 29, 32, 33, 34, 35, 37, 61, 62, 63, 64, 65, 66, 67, 68, 69, 70, 72, 74, 135, 136, 138, 164, 165, 166, 167, 176, 
protocols.moves.RigidBodyMover: Translate: Jump (before): RT 0.385898 0.898003 -0.21136 -0.235778 0.317499 0.918478 0.891903 -0.304605 0.334252 28.2608 -11.3722 -2.31029  
protocols.moves.RigidBodyMover: Translate: Jump (after):  RT 0.385898 0.898003 -0.21136 -0.235778 0.317499 0.918478 0.891903 -0.304605 0.334252 649.853 17.321 235.084  
core.pack.pack_rotamers: built 942 rotamers at 30 positions.
core.pack.interaction_graph.interaction_graph_factory: Instantiating LinearMemoryInteractionGraph
apps.public.enzdes.enzyme_design: Finished 1cex_PET_end_cR,82,I,151,D,18_0001 in 455 seconds.
apps.public.enzdes.enzyme_design: Finished all 1 structures in 465 seconds.
